<?xml version="1.0" encoding="UTF-8"?>
<testng-results ignored="0" total="1" passed="1" failed="0" skipped="0">
  <reporter-output>
  </reporter-output>
  <suite started-at="2022-09-06T08:47:44 ICT" name="Suite1" finished-at="2022-09-06T08:48:18 ICT" duration-ms="34313">
    <groups>
      <group name="Smoke">
        <method signature="TestLogin.Login()[pri:0, instance:Test.TestLogin@60d1a32f]" name="Login" class="Test.TestLogin"/>
      </group> <!-- Smoke -->
    </groups>
    <test started-at="2022-09-06T08:47:44 ICT" name="Nopackage1" finished-at="2022-09-06T08:48:18 ICT" duration-ms="34313">
      <class name="Test.TestLogin">
        <test-method is-config="true" signature="setUp()[pri:0, instance:Test.TestLogin@60d1a32f]" started-at="2022-09-06T08:47:44 ICT" name="setUp" finished-at="2022-09-06T08:47:57 ICT" duration-ms="13651" status="PASS">
          <reporter-output>
          </reporter-output>
        </test-method> <!-- setUp -->
        <test-method signature="Login()[pri:0, instance:Test.TestLogin@60d1a32f]" started-at="2022-09-06T08:47:57 ICT" name="Login" finished-at="2022-09-06T08:48:18 ICT" duration-ms="20186" status="PASS">
          <reporter-output>
          </reporter-output>
        </test-method> <!-- Login -->
        <test-method is-config="true" signature="tearDown()[pri:0, instance:Test.TestLogin@60d1a32f]" started-at="2022-09-06T08:48:18 ICT" name="tearDown" finished-at="2022-09-06T08:48:18 ICT" duration-ms="447" status="PASS">
          <reporter-output>
          </reporter-output>
        </test-method> <!-- tearDown -->
      </class> <!-- Test.TestLogin -->
    </test> <!-- Nopackage1 -->
  </suite> <!-- Suite1 -->
</testng-results>
